<?xml version="1.0" encoding="utf-8"?><testsuites name="pytest tests"><testsuite name="pytest" errors="0" failures="1" skipped="0" tests="10" time="3.512" timestamp="2026-09-12T02:57:02.060652+00:00" hostname="agent-env-71a19294-1a6f-487f-87d1-ecf58f201517"><testcase classname="tests.test_iteration4" name="test_settings_has_auto_queue_new" time="0.171" /><testcase classname="tests.test_iteration4" name="test_settings_toggle_auto_queue_new_persists" time="0.286" /><testcase classname="tests.test_iteration4" name="test_proxies_summary_harvest_shape" time="0.076" /><testcase classname="tests.test_iteration4" name="test_stats_responsive_under_load" time="0.998" /><testcase classname="tests.test_iteration4" name="test_throughput_or_no_work" time="0.165" /><testcase classname="tests.test_iteration4" name="test_auto_queue_log_line_appears" time="0.147" /><testcase classname="tests.test_iteration4" name="test_proxy_harvest_endpoint" time="0.072"><failure message="AssertionError: {&quot;detail&quot;:[{&quot;type&quot;:&quot;missing&quot;,&quot;loc&quot;:[&quot;body&quot;],&quot;msg&quot;:&quot;Field required&quot;,&quot;input&quot;:null,&quot;url&quot;:&quot;https://errors.pydantic.dev/2.13/v/missing&quot;}]}&#10;assert 422 in (200, 400)&#10; +  where 422 = &lt;Response [422]&gt;.status_code">backend/tests/test_iteration4.py:105: in test_proxy_harvest_endpoint
    assert r.status_code in (200, 400), r.text
E   AssertionError: {"detail":[{"type":"missing","loc":["body"],"msg":"Field required","input":null,"url":"https://errors.pydantic.dev/2.13/v/missing"}]}
E   assert 422 in (200, 400)
E    +  where 422 = &lt;Response [422]&gt;.status_code</failure></testcase><testcase classname="tests.test_iteration4" name="test_novels_list" time="0.080" /><testcase classname="tests.test_iteration4" name="test_done_novel_chapters_and_export" time="0.228" /><testcase classname="tests.test_iteration4" name="test_pause_start_leaves_running" time="1.203" /></testsuite></testsuites>