<?xml version="1.0" encoding="utf-8"?><testsuites name="pytest tests"><testsuite name="pytest" errors="0" failures="0" skipped="0" tests="13" time="7.045" timestamp="2026-09-11T06:07:15.303781+00:00" hostname="agent-env-71a19294-1a6f-487f-87d1-ecf58f201517"><testcase classname="tests.test_crawler_api" name="test_root" time="0.280" /><testcase classname="tests.test_crawler_api" name="test_stats" time="0.073" /><testcase classname="tests.test_crawler_api" name="test_crawl_status" time="0.067" /><testcase classname="tests.test_crawler_api" name="test_crawl_start_pause" time="0.700" /><testcase classname="tests.test_crawler_api" name="test_settings_get_put" time="0.135" /><testcase classname="tests.test_crawler_api" name="test_proxies_crud" time="0.279" /><testcase classname="tests.test_crawler_api" name="test_logs" time="0.066" /><testcase classname="tests.test_crawler_api" name="test_enumerate_starts_and_discovers" time="3.271" /><testcase classname="tests.test_crawler_api" name="test_novel_added_and_listed" time="0.136" /><testcase classname="tests.test_crawler_api" name="test_novel_get" time="0.068" /><testcase classname="tests.test_crawler_api" name="test_novel_crawl_progress" time="1.133" /><testcase classname="tests.test_crawler_api" name="test_chapters_list_and_done_content" time="0.137" /><testcase classname="tests.test_crawler_api" name="test_export_txt_and_json" time="0.173" /></testsuite></testsuites>