<?xml version="1.0" encoding="utf-8"?><testsuites name="pytest tests"><testsuite name="pytest" errors="0" failures="0" skipped="0" tests="8" time="22.085" timestamp="2026-09-11T06:25:26.293631+00:00" hostname="agent-env-71a19294-1a6f-487f-87d1-ecf58f201517"><testcase classname="tests.test_auto_scan" name="test_settings_has_new_fields" time="0.340" /><testcase classname="tests.test_auto_scan" name="test_put_settings_persists_new_fields" time="0.126" /><testcase classname="tests.test_auto_scan" name="test_crawl_status_auto_scan_shape" time="0.065" /><testcase classname="tests.test_auto_scan" name="test_next_run_populated_when_enabled" time="11.823" /><testcase classname="tests.test_auto_scan" name="test_scan_new_starts_and_logs" time="5.464" /><testcase classname="tests.test_auto_scan" name="test_scan_new_conflict_when_running" time="3.356" /><testcase classname="tests.test_auto_scan" name="test_chapter_limit_reflected_on_novel" time="0.067" /><testcase classname="tests.test_auto_scan" name="test_regression_existing_endpoints" time="0.308" /></testsuite></testsuites>