<?xml version="1.0" encoding="utf-8"?><testsuites name="pytest tests"><testsuite name="pytest" errors="0" failures="1" skipped="0" tests="11" time="133.642" timestamp="2026-09-11T07:09:44.047637+00:00" hostname="agent-env-71a19294-1a6f-487f-87d1-ecf58f201517"><testcase classname="tests.test_proxy_and_parallel" name="test_settings_has_new_fields" time="0.282" /><testcase classname="tests.test_proxy_and_parallel" name="test_put_settings_persists" time="0.119" /><testcase classname="tests.test_proxy_and_parallel" name="test_bulk_add_proxies_and_delete" time="0.267"><failure message="assert 0 &gt;= 1">tests/test_proxy_and_parallel.py:90: in test_bulk_add_proxies_and_delete
    assert data["skipped"] &gt;= 1
E   assert 0 &gt;= 1</failure></testcase><testcase classname="tests.test_proxy_and_parallel" name="test_single_add_normalization_and_duplicate" time="0.260" /><testcase classname="tests.test_proxy_and_parallel" name="test_proxies_summary_shape" time="0.062" /><testcase classname="tests.test_proxy_and_parallel" name="test_harvest_starts_and_logs" time="69.720" /><testcase classname="tests.test_proxy_and_parallel" name="test_recheck_and_purge_dead" time="18.607" /><testcase classname="tests.test_proxy_and_parallel" name="test_running_state_persisted" time="0.433" /><testcase classname="tests.test_proxy_and_parallel" name="test_parallel_novels_respected" time="42.003" /><testcase classname="tests.test_proxy_and_parallel" name="test_no_fetching_on_finished_novels" time="0.474" /><testcase classname="tests.test_proxy_and_parallel" name="test_export_all_zip" time="0.859" /></testsuite></testsuites>